2023-02-27 23:14:59.931 [com.example.ServiceConsumerApplication][main][55][INFO] - Starting ServiceConsumerApplication using Java 11.0.16 on LAPTOP-OVE9GQU3 with PID 6628 (D:\IBM\totuirals\springcloud\feign\feign\service-consumer\target\classes started by 86181 in D:\IBM\totuirals\springcloud\feign\feign)
2023-02-27 23:14:59.932 [com.example.ServiceConsumerApplication][main][631][INFO] - No active profile set, falling back to 1 default profile: "default"
2023-02-27 23:15:00.608 [org.springframework.cloud.context.scope.GenericScope][main][283][INFO] - BeanFactory id=e490d254-71fa-38f7-96c3-5e3f12e76d79
2023-02-27 23:15:00.839 [org.springframework.boot.web.embedded.tomcat.TomcatWebServer][main][108][INFO] - Tomcat initialized with port(s): 8081 (http)
2023-02-27 23:15:00.845 [org.apache.coyote.http11.Http11NioProtocol][main][173][INFO] - Initializing ProtocolHandler ["http-nio-8081"]
2023-02-27 23:15:00.845 [org.apache.catalina.core.StandardService][main][173][INFO] - Starting service [Tomcat]
2023-02-27 23:15:00.846 [org.apache.catalina.core.StandardEngine][main][173][INFO] - Starting Servlet engine: [Apache Tomcat/9.0.71]
2023-02-27 23:15:00.970 [org.apache.catalina.core.ContainerBase.[Tomcat].[localhost].[/]][main][173][INFO] - Initializing Spring embedded WebApplicationContext
2023-02-27 23:15:00.971 [org.springframework.boot.web.servlet.context.ServletWebServerApplicationContext][main][292][INFO] - Root WebApplicationContext: initialization completed in 1013 ms
2023-02-27 23:15:02.081 [org.springframework.cloud.openfeign.FeignClientFactoryBean][main][418][INFO] - For 'service-provider' URL not provided. Will try picking an instance via load-balancing.
2023-02-27 23:15:03.756 [org.springframework.cloud.netflix.eureka.config.DiscoveryClientOptionalArgsConfiguration][main][71][INFO] - Eureka HTTP Client uses RestTemplate.
2023-02-27 23:15:03.780 [org.springframework.boot.actuate.endpoint.web.EndpointLinksResolver][main][58][INFO] - Exposing 1 endpoint(s) beneath base path '/actuator'
2023-02-27 23:15:03.826 [org.springframework.cloud.netflix.eureka.InstanceInfoFactory][main][67][INFO] - Setting initial instance status as: STARTING
2023-02-27 23:15:03.848 [com.netflix.discovery.DiscoveryClient][main][372][INFO] - Initializing Eureka in region us-east-1
2023-02-27 23:15:03.851 [com.netflix.discovery.shared.resolver.aws.ConfigClusterResolver][main][43][INFO] - Resolving eureka endpoints via configuration
2023-02-27 23:15:03.862 [com.netflix.discovery.DiscoveryClient][main][1007][INFO] - Disable delta property : false
2023-02-27 23:15:03.862 [com.netflix.discovery.DiscoveryClient][main][1008][INFO] - Single vip registry refresh property : null
2023-02-27 23:15:03.862 [com.netflix.discovery.DiscoveryClient][main][1009][INFO] - Force full registry fetch : false
2023-02-27 23:15:03.862 [com.netflix.discovery.DiscoveryClient][main][1010][INFO] - Application is null : false
2023-02-27 23:15:03.862 [com.netflix.discovery.DiscoveryClient][main][1011][INFO] - Registered Applications size is zero : true
2023-02-27 23:15:03.862 [com.netflix.discovery.DiscoveryClient][main][1013][INFO] - Application version is -1: true
2023-02-27 23:15:03.862 [com.netflix.discovery.DiscoveryClient][main][1097][INFO] - Getting all instance registry info from the eureka server
2023-02-27 23:15:04.046 [com.netflix.discovery.DiscoveryClient][main][1106][INFO] - The response status is 200
2023-02-27 23:15:04.048 [com.netflix.discovery.DiscoveryClient][main][1321][INFO] - Starting heartbeat executor: renew interval is: 30
2023-02-27 23:15:04.051 [com.netflix.discovery.InstanceInfoReplicator][main][60][INFO] - InstanceInfoReplicator onDemand update allowed rate per min is 4
2023-02-27 23:15:04.054 [com.netflix.discovery.DiscoveryClient][main][492][INFO] - Discovery Client initialized at timestamp 1677510904053 with initial instances count: 3
2023-02-27 23:15:04.055 [org.springframework.cloud.netflix.eureka.serviceregistry.EurekaServiceRegistry][main][41][INFO] - Registering application SERVICE-CONSUMER with eureka with status UP
2023-02-27 23:15:04.056 [com.netflix.discovery.DiscoveryClient][main][1352][INFO] - Saw local status change event StatusChangeEvent [timestamp=1677510904056, current=UP, previous=STARTING]
2023-02-27 23:15:04.057 [com.netflix.discovery.DiscoveryClient][DiscoveryClient-InstanceInfoReplicator-0][873][INFO] - DiscoveryClient_SERVICE-CONSUMER/192.168.126.1:8081: registering service...
2023-02-27 23:15:04.058 [org.apache.coyote.http11.Http11NioProtocol][main][173][INFO] - Starting ProtocolHandler ["http-nio-8081"]
2023-02-27 23:15:04.075 [org.springframework.boot.web.embedded.tomcat.TomcatWebServer][main][220][INFO] - Tomcat started on port(s): 8081 (http) with context path ''
2023-02-27 23:15:04.076 [org.springframework.cloud.netflix.eureka.serviceregistry.EurekaAutoServiceRegistration][main][144][INFO] - Updating port to 8081
2023-02-27 23:15:04.157 [com.netflix.discovery.DiscoveryClient][DiscoveryClient-InstanceInfoReplicator-0][882][INFO] - DiscoveryClient_SERVICE-CONSUMER/192.168.126.1:8081 - registration status: 204
2023-02-27 23:15:04.662 [com.example.ServiceConsumerApplication][main][61][INFO] - Started ServiceConsumerApplication in 5.973 seconds (JVM running for 7.165)
2023-02-27 23:15:05.067 [org.apache.catalina.core.ContainerBase.[Tomcat].[localhost].[/]][RMI TCP Connection(1)-26.26.26.1][173][INFO] - Initializing Spring DispatcherServlet 'dispatcherServlet'
2023-02-27 23:15:05.067 [org.springframework.web.servlet.DispatcherServlet][RMI TCP Connection(1)-26.26.26.1][525][INFO] - Initializing Servlet 'dispatcherServlet'
2023-02-27 23:15:05.069 [org.springframework.web.servlet.DispatcherServlet][RMI TCP Connection(1)-26.26.26.1][547][INFO] - Completed initialization in 2 ms
2023-02-27 23:15:05.069 [com.zaxxer.hikari.HikariDataSource][RMI TCP Connection(2)-26.26.26.1][110][INFO] - HikariPool-1 - Starting...
2023-02-27 23:15:05.227 [com.zaxxer.hikari.HikariDataSource][RMI TCP Connection(2)-26.26.26.1][123][INFO] - HikariPool-1 - Start completed.
2023-02-27 23:20:03.873 [com.netflix.discovery.shared.resolver.aws.ConfigClusterResolver][AsyncResolver-bootstrap-executor-0][43][INFO] - Resolving eureka endpoints via configuration
2023-02-27 23:23:41.769 [org.springframework.cloud.netflix.eureka.serviceregistry.EurekaServiceRegistry][SpringApplicationShutdownHook][62][INFO] - Unregistering application SERVICE-CONSUMER with eureka with status DOWN
2023-02-27 23:23:41.770 [com.netflix.discovery.DiscoveryClient][SpringApplicationShutdownHook][1352][INFO] - Saw local status change event StatusChangeEvent [timestamp=1677511421770, current=DOWN, previous=UP]
2023-02-27 23:23:41.770 [com.netflix.discovery.DiscoveryClient][DiscoveryClient-InstanceInfoReplicator-0][873][INFO] - DiscoveryClient_SERVICE-CONSUMER/192.168.126.1:8081: registering service...
2023-02-27 23:23:41.787 [com.netflix.discovery.DiscoveryClient][DiscoveryClient-InstanceInfoReplicator-0][882][INFO] - DiscoveryClient_SERVICE-CONSUMER/192.168.126.1:8081 - registration status: 204
2023-02-27 23:23:42.183 [com.zaxxer.hikari.HikariDataSource][SpringApplicationShutdownHook][350][INFO] - HikariPool-1 - Shutdown initiated...
2023-02-27 23:23:42.193 [com.zaxxer.hikari.HikariDataSource][SpringApplicationShutdownHook][352][INFO] - HikariPool-1 - Shutdown completed.
2023-02-27 23:23:42.194 [com.netflix.discovery.DiscoveryClient][SpringApplicationShutdownHook][935][INFO] - Shutting down DiscoveryClient ...
2023-02-27 23:23:45.210 [com.netflix.discovery.DiscoveryClient][SpringApplicationShutdownHook][971][INFO] - Unregistering ...
2023-02-27 23:23:45.226 [com.netflix.discovery.DiscoveryClient][SpringApplicationShutdownHook][973][INFO] - DiscoveryClient_SERVICE-CONSUMER/192.168.126.1:8081 - deregister  status: 200
2023-02-27 23:23:45.229 [com.netflix.discovery.DiscoveryClient][SpringApplicationShutdownHook][960][INFO] - Completed shut down of DiscoveryClient
2023-02-27 23:23:51.050 [com.example.ServiceConsumerApplication][main][55][INFO] - Starting ServiceConsumerApplication using Java 11.0.16 on LAPTOP-OVE9GQU3 with PID 33264 (D:\IBM\totuirals\springcloud\feign\feign\service-consumer\target\classes started by 86181 in D:\IBM\totuirals\springcloud\feign\feign)
2023-02-27 23:23:51.053 [com.example.ServiceConsumerApplication][main][631][INFO] - No active profile set, falling back to 1 default profile: "default"
2023-02-27 23:23:51.858 [org.springframework.cloud.context.scope.GenericScope][main][283][INFO] - BeanFactory id=e490d254-71fa-38f7-96c3-5e3f12e76d79
2023-02-27 23:23:52.148 [org.springframework.boot.web.embedded.tomcat.TomcatWebServer][main][108][INFO] - Tomcat initialized with port(s): 8081 (http)
2023-02-27 23:23:52.155 [org.apache.coyote.http11.Http11NioProtocol][main][173][INFO] - Initializing ProtocolHandler ["http-nio-8081"]
2023-02-27 23:23:52.155 [org.apache.catalina.core.StandardService][main][173][INFO] - Starting service [Tomcat]
2023-02-27 23:23:52.155 [org.apache.catalina.core.StandardEngine][main][173][INFO] - Starting Servlet engine: [Apache Tomcat/9.0.71]
2023-02-27 23:23:52.311 [org.apache.catalina.core.ContainerBase.[Tomcat].[localhost].[/]][main][173][INFO] - Initializing Spring embedded WebApplicationContext
2023-02-27 23:23:52.312 [org.springframework.boot.web.servlet.context.ServletWebServerApplicationContext][main][292][INFO] - Root WebApplicationContext: initialization completed in 1228 ms
2023-02-27 23:23:53.502 [org.springframework.cloud.openfeign.FeignClientFactoryBean][main][418][INFO] - For 'service-provider' URL not provided. Will try picking an instance via load-balancing.
2023-02-27 23:23:55.275 [org.springframework.cloud.netflix.eureka.config.DiscoveryClientOptionalArgsConfiguration][main][71][INFO] - Eureka HTTP Client uses RestTemplate.
2023-02-27 23:23:55.300 [org.springframework.boot.actuate.endpoint.web.EndpointLinksResolver][main][58][INFO] - Exposing 1 endpoint(s) beneath base path '/actuator'
2023-02-27 23:23:55.348 [org.springframework.cloud.netflix.eureka.InstanceInfoFactory][main][67][INFO] - Setting initial instance status as: STARTING
2023-02-27 23:23:55.372 [com.netflix.discovery.DiscoveryClient][main][372][INFO] - Initializing Eureka in region us-east-1
2023-02-27 23:23:55.375 [com.netflix.discovery.shared.resolver.aws.ConfigClusterResolver][main][43][INFO] - Resolving eureka endpoints via configuration
2023-02-27 23:23:55.390 [com.netflix.discovery.DiscoveryClient][main][1007][INFO] - Disable delta property : false
2023-02-27 23:23:55.390 [com.netflix.discovery.DiscoveryClient][main][1008][INFO] - Single vip registry refresh property : null
2023-02-27 23:23:55.390 [com.netflix.discovery.DiscoveryClient][main][1009][INFO] - Force full registry fetch : false
2023-02-27 23:23:55.390 [com.netflix.discovery.DiscoveryClient][main][1010][INFO] - Application is null : false
2023-02-27 23:23:55.390 [com.netflix.discovery.DiscoveryClient][main][1011][INFO] - Registered Applications size is zero : true
2023-02-27 23:23:55.390 [com.netflix.discovery.DiscoveryClient][main][1013][INFO] - Application version is -1: true
2023-02-27 23:23:55.391 [com.netflix.discovery.DiscoveryClient][main][1097][INFO] - Getting all instance registry info from the eureka server
2023-02-27 23:23:55.586 [com.netflix.discovery.DiscoveryClient][main][1106][INFO] - The response status is 200
2023-02-27 23:23:55.588 [com.netflix.discovery.DiscoveryClient][main][1321][INFO] - Starting heartbeat executor: renew interval is: 30
2023-02-27 23:23:55.590 [com.netflix.discovery.InstanceInfoReplicator][main][60][INFO] - InstanceInfoReplicator onDemand update allowed rate per min is 4
2023-02-27 23:23:55.594 [com.netflix.discovery.DiscoveryClient][main][492][INFO] - Discovery Client initialized at timestamp 1677511435593 with initial instances count: 4
2023-02-27 23:23:55.595 [org.springframework.cloud.netflix.eureka.serviceregistry.EurekaServiceRegistry][main][41][INFO] - Registering application SERVICE-CONSUMER with eureka with status UP
2023-02-27 23:23:55.595 [com.netflix.discovery.DiscoveryClient][main][1352][INFO] - Saw local status change event StatusChangeEvent [timestamp=1677511435595, current=UP, previous=STARTING]
2023-02-27 23:23:55.597 [com.netflix.discovery.DiscoveryClient][DiscoveryClient-InstanceInfoReplicator-0][873][INFO] - DiscoveryClient_SERVICE-CONSUMER/192.168.126.1:8081: registering service...
2023-02-27 23:23:55.597 [org.apache.coyote.http11.Http11NioProtocol][main][173][INFO] - Starting ProtocolHandler ["http-nio-8081"]
2023-02-27 23:23:55.614 [org.springframework.boot.web.embedded.tomcat.TomcatWebServer][main][220][INFO] - Tomcat started on port(s): 8081 (http) with context path ''
2023-02-27 23:23:55.615 [org.springframework.cloud.netflix.eureka.serviceregistry.EurekaAutoServiceRegistration][main][144][INFO] - Updating port to 8081
2023-02-27 23:23:55.695 [com.netflix.discovery.DiscoveryClient][DiscoveryClient-InstanceInfoReplicator-0][882][INFO] - DiscoveryClient_SERVICE-CONSUMER/192.168.126.1:8081 - registration status: 204
2023-02-27 23:23:56.270 [com.example.ServiceConsumerApplication][main][61][INFO] - Started ServiceConsumerApplication in 6.294 seconds (JVM running for 7.576)
2023-02-27 23:23:57.039 [org.apache.catalina.core.ContainerBase.[Tomcat].[localhost].[/]][RMI TCP Connection(2)-26.26.26.1][173][INFO] - Initializing Spring DispatcherServlet 'dispatcherServlet'
2023-02-27 23:23:57.039 [org.springframework.web.servlet.DispatcherServlet][RMI TCP Connection(2)-26.26.26.1][525][INFO] - Initializing Servlet 'dispatcherServlet'
2023-02-27 23:23:57.042 [com.zaxxer.hikari.HikariDataSource][RMI TCP Connection(1)-26.26.26.1][110][INFO] - HikariPool-1 - Starting...
2023-02-27 23:23:57.043 [org.springframework.web.servlet.DispatcherServlet][RMI TCP Connection(2)-26.26.26.1][547][INFO] - Completed initialization in 4 ms
2023-02-27 23:23:57.217 [com.zaxxer.hikari.HikariDataSource][RMI TCP Connection(1)-26.26.26.1][123][INFO] - HikariPool-1 - Start completed.
