2023-02-28 08:16:51.200 [com.example.ServiceConsumerApplication][main][55][INFO] - Starting ServiceConsumerApplication using Java 11.0.16 on LAPTOP-OVE9GQU3 with PID 37960 (D:\IBM\totuirals\springcloud\feign\feign\service-consumer\target\classes started by 86181 in D:\IBM\totuirals\springcloud\feign\feign)
2023-02-28 08:16:51.202 [com.example.ServiceConsumerApplication][main][631][INFO] - No active profile set, falling back to 1 default profile: "default"
2023-02-28 08:16:51.876 [org.springframework.cloud.context.scope.GenericScope][main][283][INFO] - BeanFactory id=e490d254-71fa-38f7-96c3-5e3f12e76d79
2023-02-28 08:16:52.112 [org.springframework.boot.web.embedded.tomcat.TomcatWebServer][main][108][INFO] - Tomcat initialized with port(s): 8081 (http)
2023-02-28 08:16:52.118 [org.apache.coyote.http11.Http11NioProtocol][main][173][INFO] - Initializing ProtocolHandler ["http-nio-8081"]
2023-02-28 08:16:52.118 [org.apache.catalina.core.StandardService][main][173][INFO] - Starting service [Tomcat]
2023-02-28 08:16:52.118 [org.apache.catalina.core.StandardEngine][main][173][INFO] - Starting Servlet engine: [Apache Tomcat/9.0.71]
2023-02-28 08:16:52.245 [org.apache.catalina.core.ContainerBase.[Tomcat].[localhost].[/]][main][173][INFO] - Initializing Spring embedded WebApplicationContext
2023-02-28 08:16:52.245 [org.springframework.boot.web.servlet.context.ServletWebServerApplicationContext][main][292][INFO] - Root WebApplicationContext: initialization completed in 1018 ms
2023-02-28 08:16:53.277 [org.springframework.cloud.openfeign.FeignClientFactoryBean][main][418][INFO] - For 'service-provider' URL not provided. Will try picking an instance via load-balancing.
2023-02-28 08:16:54.722 [org.springframework.cloud.netflix.eureka.config.DiscoveryClientOptionalArgsConfiguration][main][71][INFO] - Eureka HTTP Client uses RestTemplate.
2023-02-28 08:16:54.747 [org.springframework.boot.actuate.endpoint.web.EndpointLinksResolver][main][58][INFO] - Exposing 1 endpoint(s) beneath base path '/actuator'
2023-02-28 08:16:54.800 [org.springframework.cloud.netflix.eureka.InstanceInfoFactory][main][67][INFO] - Setting initial instance status as: STARTING
2023-02-28 08:16:54.823 [com.netflix.discovery.DiscoveryClient][main][372][INFO] - Initializing Eureka in region us-east-1
2023-02-28 08:16:54.825 [com.netflix.discovery.shared.resolver.aws.ConfigClusterResolver][main][43][INFO] - Resolving eureka endpoints via configuration
2023-02-28 08:16:54.838 [com.netflix.discovery.DiscoveryClient][main][1007][INFO] - Disable delta property : false
2023-02-28 08:16:54.838 [com.netflix.discovery.DiscoveryClient][main][1008][INFO] - Single vip registry refresh property : null
2023-02-28 08:16:54.838 [com.netflix.discovery.DiscoveryClient][main][1009][INFO] - Force full registry fetch : false
2023-02-28 08:16:54.838 [com.netflix.discovery.DiscoveryClient][main][1010][INFO] - Application is null : false
2023-02-28 08:16:54.838 [com.netflix.discovery.DiscoveryClient][main][1011][INFO] - Registered Applications size is zero : true
2023-02-28 08:16:54.839 [com.netflix.discovery.DiscoveryClient][main][1013][INFO] - Application version is -1: true
2023-02-28 08:16:54.839 [com.netflix.discovery.DiscoveryClient][main][1097][INFO] - Getting all instance registry info from the eureka server
2023-02-28 08:16:55.026 [com.netflix.discovery.DiscoveryClient][main][1106][INFO] - The response status is 200
2023-02-28 08:16:55.028 [com.netflix.discovery.DiscoveryClient][main][1321][INFO] - Starting heartbeat executor: renew interval is: 30
2023-02-28 08:16:55.030 [com.netflix.discovery.InstanceInfoReplicator][main][60][INFO] - InstanceInfoReplicator onDemand update allowed rate per min is 4
2023-02-28 08:16:55.033 [com.netflix.discovery.DiscoveryClient][main][492][INFO] - Discovery Client initialized at timestamp 1677543415032 with initial instances count: 4
2023-02-28 08:16:55.034 [org.springframework.cloud.netflix.eureka.serviceregistry.EurekaServiceRegistry][main][41][INFO] - Registering application SERVICE-CONSUMER with eureka with status UP
2023-02-28 08:16:55.034 [com.netflix.discovery.DiscoveryClient][main][1352][INFO] - Saw local status change event StatusChangeEvent [timestamp=1677543415034, current=UP, previous=STARTING]
2023-02-28 08:16:55.035 [org.apache.coyote.http11.Http11NioProtocol][main][173][INFO] - Starting ProtocolHandler ["http-nio-8081"]
2023-02-28 08:16:55.036 [com.netflix.discovery.DiscoveryClient][DiscoveryClient-InstanceInfoReplicator-0][873][INFO] - DiscoveryClient_SERVICE-CONSUMER/192.168.126.1:8081: registering service...
2023-02-28 08:16:55.051 [org.springframework.boot.web.embedded.tomcat.TomcatWebServer][main][220][INFO] - Tomcat started on port(s): 8081 (http) with context path ''
2023-02-28 08:16:55.052 [org.springframework.cloud.netflix.eureka.serviceregistry.EurekaAutoServiceRegistration][main][144][INFO] - Updating port to 8081
2023-02-28 08:16:55.134 [com.netflix.discovery.DiscoveryClient][DiscoveryClient-InstanceInfoReplicator-0][882][INFO] - DiscoveryClient_SERVICE-CONSUMER/192.168.126.1:8081 - registration status: 204
2023-02-28 08:16:55.566 [com.example.ServiceConsumerApplication][main][61][INFO] - Started ServiceConsumerApplication in 5.399 seconds (JVM running for 6.496)
2023-02-28 08:16:56.416 [org.apache.catalina.core.ContainerBase.[Tomcat].[localhost].[/]][RMI TCP Connection(2)-26.26.26.1][173][INFO] - Initializing Spring DispatcherServlet 'dispatcherServlet'
2023-02-28 08:16:56.416 [org.springframework.web.servlet.DispatcherServlet][RMI TCP Connection(2)-26.26.26.1][525][INFO] - Initializing Servlet 'dispatcherServlet'
2023-02-28 08:16:56.417 [org.springframework.web.servlet.DispatcherServlet][RMI TCP Connection(2)-26.26.26.1][547][INFO] - Completed initialization in 1 ms
2023-02-28 08:16:56.418 [com.zaxxer.hikari.HikariDataSource][RMI TCP Connection(1)-26.26.26.1][110][INFO] - HikariPool-1 - Starting...
2023-02-28 08:16:56.569 [com.zaxxer.hikari.HikariDataSource][RMI TCP Connection(1)-26.26.26.1][123][INFO] - HikariPool-1 - Start completed.
